<?xml version="1.0" encoding="UTF-8"?>
<!-- Generated by org.testng.reporters.JUnitXMLReporter -->
<testsuite ignored="0" hostname="DESKTOP-I6MKJFC" failures="0" tests="8" name="Default test" time="27.197" errors="0" timestamp="2021-08-05T07:09:34 GMT-04:00">
  <testcase classname="testngpackage.LoginPage" name="set_path" time="6.086"/>
  <testcase classname="testngpackage.LoginPage" name="login_details" time="2.433"/>
  <testcase classname="testngpackage.LoginPage" name="home_click" time="4.192"/>
  <testcase classname="testngpackage.LoginPage" name="cart_click" time="0.112"/>
  <testcase classname="testngpackage.LoginPage" name="check_button_click" time="8.082"/>
  <testcase classname="testngpackage.LoginPage" name="card_data" time="0.458"/>
  <testcase classname="testngpackage.LoginPage" name="success_screen" time="4.201"/>
  <testcase classname="testngpackage.LoginPage" name="logout" time="1.563"/>
</testsuite> <!-- Default test -->
