<?xml version="1.0" encoding="UTF-8"?>
<testng-results ignored="0" total="8" passed="8" failed="0" skipped="0">
  <reporter-output>
  </reporter-output>
  <suite started-at="2021-08-05T07:09:07 GMT-04:00" name="Default suite" finished-at="2021-08-05T07:09:34 GMT-04:00" duration-ms="27197">
    <groups>
    </groups>
    <test started-at="2021-08-05T07:09:07 GMT-04:00" name="Default test" finished-at="2021-08-05T07:09:34 GMT-04:00" duration-ms="27197">
      <class name="testngpackage.LoginPage">
        <test-method signature="set_path()[pri:0, instance:testngpackage.LoginPage@7ee955a8]" started-at="2021-08-05T07:09:07 GMT-04:00" name="set_path" finished-at="2021-08-05T07:09:13 GMT-04:00" duration-ms="6086" status="PASS">
          <reporter-output>
          </reporter-output>
        </test-method> <!-- set_path -->
        <test-method signature="login_details()[pri:0, instance:testngpackage.LoginPage@7ee955a8]" started-at="2021-08-05T07:09:13 GMT-04:00" name="login_details" finished-at="2021-08-05T07:09:15 GMT-04:00" depends-on-methods="testngpackage.LoginPage.set_path" duration-ms="2433" status="PASS">
          <reporter-output>
          </reporter-output>
        </test-method> <!-- login_details -->
        <test-method signature="home_click()[pri:0, instance:testngpackage.LoginPage@7ee955a8]" started-at="2021-08-05T07:09:15 GMT-04:00" name="home_click" finished-at="2021-08-05T07:09:20 GMT-04:00" depends-on-methods="testngpackage.LoginPage.login_details" duration-ms="4192" status="PASS">
          <reporter-output>
          </reporter-output>
        </test-method> <!-- home_click -->
        <test-method signature="cart_click()[pri:0, instance:testngpackage.LoginPage@7ee955a8]" started-at="2021-08-05T07:09:20 GMT-04:00" name="cart_click" finished-at="2021-08-05T07:09:20 GMT-04:00" depends-on-methods="testngpackage.LoginPage.home_click" duration-ms="112" status="PASS">
          <reporter-output>
          </reporter-output>
        </test-method> <!-- cart_click -->
        <test-method signature="check_button_click()[pri:0, instance:testngpackage.LoginPage@7ee955a8]" started-at="2021-08-05T07:09:20 GMT-04:00" name="check_button_click" finished-at="2021-08-05T07:09:28 GMT-04:00" depends-on-methods="testngpackage.LoginPage.cart_click" duration-ms="8082" status="PASS">
          <reporter-output>
          </reporter-output>
        </test-method> <!-- check_button_click -->
        <test-method signature="card_data()[pri:0, instance:testngpackage.LoginPage@7ee955a8]" started-at="2021-08-05T07:09:28 GMT-04:00" name="card_data" finished-at="2021-08-05T07:09:28 GMT-04:00" depends-on-methods="testngpackage.LoginPage.check_button_click" duration-ms="458" status="PASS">
          <reporter-output>
          </reporter-output>
        </test-method> <!-- card_data -->
        <test-method signature="success_screen()[pri:0, instance:testngpackage.LoginPage@7ee955a8]" started-at="2021-08-05T07:09:28 GMT-04:00" name="success_screen" finished-at="2021-08-05T07:09:32 GMT-04:00" depends-on-methods="testngpackage.LoginPage.card_data" duration-ms="4201" status="PASS">
          <reporter-output>
          </reporter-output>
        </test-method> <!-- success_screen -->
        <test-method signature="logout()[pri:0, instance:testngpackage.LoginPage@7ee955a8]" started-at="2021-08-05T07:09:32 GMT-04:00" name="logout" finished-at="2021-08-05T07:09:34 GMT-04:00" depends-on-methods="testngpackage.LoginPage.success_screen" duration-ms="1563" status="PASS">
          <reporter-output>
          </reporter-output>
        </test-method> <!-- logout -->
      </class> <!-- testngpackage.LoginPage -->
    </test> <!-- Default test -->
  </suite> <!-- Default suite -->
</testng-results>
